<?xml version="1.0" encoding="UTF-8" ?>
<testsuite tests="1" failures="0" name="t01_Jogos" time="929.355" errors="1" skipped="0">
  <properties>
[...]
</properties>
  <testcase classname="t01_Jogos" name="t01_Jogos" time="0">
    <error message="Failed to deploy EJB modules - see log for details" type="javax.ejb.EJBException">javax.ejb.EJBException: Failed to deploy EJB modules - see log for details
	at org.glassfish.ejb.embedded.EJBContainerImpl.deploy(EJBContainerImpl.java:150)
	at org.glassfish.ejb.embedded.EJBContainerProviderImpl.createEJBContainer(EJBContainerProviderImpl.java:134)
	at javax.ejb.embeddable.EJBContainer.createEJBContainer(EJBContainer.java:127)
	at javax.ejb.embeddable.EJBContainer.createEJBContainer(EJBContainer.java:102)
	at Testes.setUpClass(Testes.java:12)
	at sun.reflect.NativeMethodAccessorImpl.invoke0(Native Method)
	at sun.reflect.NativeMethodAccessorImpl.invoke(NativeMethodAccessorImpl.java:62)
	at sun.reflect.DelegatingMethodAccessorImpl.invoke(DelegatingMethodAccessorImpl.java:43)
	at java.lang.reflect.Method.invoke(Method.java:498)
	at org.junit.runners.model.FrameworkMethod$1.runReflectiveCall(FrameworkMethod.java:47)
	at org.junit.internal.runners.model.ReflectiveCallable.run(ReflectiveCallable.java:12)
	at org.junit.runners.model.FrameworkMethod.invokeExplosively(FrameworkMethod.java:44)
	at org.junit.internal.runners.statements.RunBefores.evaluate(RunBefores.java:24)
	at org.junit.runners.ParentRunner.run(ParentRunner.java:309)
	at org.apache.maven.surefire.junit4.JUnit4TestSet.execute(JUnit4TestSet.java:53)
	at org.apache.maven.surefire.junit4.JUnit4Provider.executeTestSet(JUnit4Provider.java:123)
	at org.apache.maven.surefire.junit4.JUnit4Provider.invoke(JUnit4Provider.java:104)
	at sun.reflect.NativeMethodAccessorImpl.invoke0(Native Method)
	at sun.reflect.NativeMethodAccessorImpl.invoke(NativeMethodAccessorImpl.java:62)
	at sun.reflect.DelegatingMethodAccessorImpl.invoke(DelegatingMethodAccessorImpl.java:43)
	at java.lang.reflect.Method.invoke(Method.java:498)
	at org.apache.maven.surefire.util.ReflectionUtils.invokeMethodWithArray(ReflectionUtils.java:164)
	at org.apache.maven.surefire.booter.ProviderFactory$ProviderProxy.invoke(ProviderFactory.java:110)
	at org.apache.maven.surefire.booter.SurefireStarter.invokeProvider(SurefireStarter.java:175)
	at org.apache.maven.surefire.booter.SurefireStarter.runSuitesInProcessWhenForked(SurefireStarter.java:107)
	at org.apache.maven.surefire.booter.ForkedBooter.main(ForkedBooter.java:68)
</error>
    <system-out>PlainTextActionReporterFAILUREDescription: deploy AdminCommandError occurred during deployment: Exception while preparing the app : org/hibernate/boot/registry/classloading/internal/ClassLoaderServiceImpl$Work. Please see server.log for more details.
    [name=classes
</system-out>
    <system-err>dez 28, 2017 10:13:51 AM org.glassfish.ejb.embedded.EJBContainerProviderImpl getValidFile
GRAVE: EJB6004:Specified application server installation location [C:\Users\Rapha\.m2\repository\org\glassfish\extras\glassfish-embedded-all\domains\domain1] does not exist.
dez 28, 2017 10:13:56 AM com.sun.enterprise.v3.services.impl.GrizzlyService createNetworkProxy
INFORMAÇÕES: Network listener http-listener on port 0 disabled per domain.xml
dez 28, 2017 10:13:56 AM com.sun.enterprise.v3.services.impl.GrizzlyService createNetworkProxy
INFORMAÇÕES: Network listener https-listener on port 0 disabled per domain.xml
dez 28, 2017 10:13:56 AM com.sun.enterprise.v3.server.AppServerStartup run
INFORMAÇÕES: GlassFish Server Open Source Edition 3.1.1 (12) startup time : Embedded (1.789ms), startup services(1.263ms), total(3.052ms)
dez 28, 2017 10:13:57 AM org.glassfish.admin.mbeanserver.JMXStartupService$JMXConnectorsStarterThread run
INFORMAÇÕES: JMXStartupService: JMXConnector system is disabled, skipping.
dez 28, 2017 10:13:59 AM org.glassfish.ejb.embedded.EJBContainerProviderImpl skipJar
INFORMAÇÕES: ... skipping entry with a Manifest file with a special attribute: org.eclipse.persistence.jpa.modelgen.processor-2.5.2.jar
dez 28, 2017 10:13:59 AM org.glassfish.ejb.embedded.EJBContainerProviderImpl skipJar
INFORMAÇÕES: ... skipping entry with a Manifest file with a special attribute: org.eclipse.persistence.core-2.5.2.jar
dez 28, 2017 10:13:59 AM org.glassfish.ejb.embedded.EJBContainerProviderImpl skipJar
INFORMAÇÕES: ... skipping entry with a Manifest file with a special attribute: org.eclipse.persistence.asm-2.5.2.jar
dez 28, 2017 10:13:59 AM org.glassfish.ejb.embedded.EJBContainerProviderImpl skipJar
INFORMAÇÕES: ... skipping entry with a Manifest file with a special attribute: org.eclipse.persistence.jpa-2.5.2.jar
dez 28, 2017 10:13:59 AM org.glassfish.ejb.embedded.EJBContainerProviderImpl skipJar
INFORMAÇÕES: ... skipping entry with a Manifest file with a special attribute: org.eclipse.persistence.antlr-2.5.2.jar
dez 28, 2017 10:13:59 AM org.glassfish.ejb.embedded.EJBContainerProviderImpl skipJar
INFORMAÇÕES: ... skipping entry with a Manifest file with a special attribute: org.eclipse.persistence.jpa.jpql-2.5.2.jar
dez 28, 2017 10:13:59 AM org.glassfish.deployment.common.GenericAnnotationDetector scanArchive
ADVERTÊNCIA: Failed to scan archive for annotations52264
dez 28, 2017 10:14:00 AM org.glassfish.ejb.embedded.EJBContainerProviderImpl skipJar
INFORMAÇÕES: ... skipping entry with a Manifest file with a special attribute: glassfish-embedded-all-3.1.1.jar
dez 28, 2017 10:14:01 AM org.glassfish.ejb.embedded.EJBContainerProviderImpl skipJar
INFORMAÇÕES: ... skipping entry with a Manifest file with a special attribute: jsf-impl-2.2.6.jar
dez 28, 2017 10:14:01 AM org.glassfish.ejb.embedded.EJBContainerProviderImpl skipJar
INFORMAÇÕES: ... skipping entry with a Manifest file with a special attribute: javax.el-2.2.4.jar
dez 28, 2017 10:14:01 AM org.glassfish.ejb.embedded.DeploymentElement getOrCreateApplication
INFORMAÇÕES: [DeploymentElement] adding EJB module to ScatteredArchive classes
dez 28, 2017 10:14:01 AM org.glassfish.ejb.embedded.DeploymentElement getOrCreateApplication
INFORMAÇÕES: [DeploymentElement] adding library to ScatteredArchive primefaces-6.0.jar
dez 28, 2017 10:14:01 AM org.glassfish.ejb.embedded.DeploymentElement getOrCreateApplication
INFORMAÇÕES: [DeploymentElement] adding library to ScatteredArchive commons-codec-1.10.jar
dez 28, 2017 10:14:01 AM org.glassfish.ejb.embedded.DeploymentElement getOrCreateApplication
INFORMAÇÕES: [DeploymentElement] adding library to ScatteredArchive javax.el-api-2.2.4.jar
dez 28, 2017 10:14:01 AM org.glassfish.ejb.embedded.DeploymentElement getOrCreateApplication
INFORMAÇÕES: [DeploymentElement] adding library to ScatteredArchive mysql-connector-java-5.1.38.jar
dez 28, 2017 10:14:01 AM org.glassfish.ejb.embedded.DeploymentElement getOrCreateApplication
INFORMAÇÕES: [DeploymentElement] adding library to ScatteredArchive commonj.sdo-2.1.1.jar
dez 28, 2017 10:14:01 AM org.glassfish.ejb.embedded.DeploymentElement getOrCreateApplication
INFORMAÇÕES: [DeploymentElement] adding library to ScatteredArchive commons-collections-3.2.2.jar
dez 28, 2017 10:14:01 AM org.glassfish.ejb.embedded.DeploymentElement getOrCreateApplication
INFORMAÇÕES: [DeploymentElement] adding library to ScatteredArchive jsf-api-2.2.6.jar
dez 28, 2017 10:14:01 AM org.glassfish.ejb.embedded.DeploymentElement getOrCreateApplication
INFORMAÇÕES: [DeploymentElement] adding library to ScatteredArchive jboss-logging-annotations-1.2.0.Beta1.jar
dez 28, 2017 10:14:01 AM org.glassfish.ejb.embedded.DeploymentElement getOrCreateApplication
INFORMAÇÕES: [DeploymentElement] adding library to ScatteredArchive jboss-transaction-api_1.2_spec-1.0.0.Final.jar
dez 28, 2017 10:14:01 AM org.glassfish.ejb.embedded.DeploymentElement getOrCreateApplication
INFORMAÇÕES: [DeploymentElement] adding library to ScatteredArchive hibernate-commons-annotations-4.0.4.Final.jar
dez 28, 2017 10:14:01 AM org.glassfish.ejb.embedded.DeploymentElement getOrCreateApplication
INFORMAÇÕES: [DeploymentElement] adding library to ScatteredArchive slf4j-api-1.7.21.jar
dez 28, 2017 10:14:01 AM org.glassfish.ejb.embedded.DeploymentElement getOrCreateApplication
INFORMAÇÕES: [DeploymentElement] adding library to ScatteredArchive javaee-web-api-7.0.jar
dez 28, 2017 10:14:01 AM org.glassfish.ejb.embedded.DeploymentElement getOrCreateApplication
INFORMAÇÕES: [DeploymentElement] adding library to ScatteredArchive poi-ooxml-schemas-3.14.jar
dez 28, 2017 10:14:01 AM org.glassfish.ejb.embedded.DeploymentElement getOrCreateApplication
INFORMAÇÕES: [DeploymentElement] adding library to ScatteredArchive poi-3.14.jar
dez 28, 2017 10:14:01 AM org.glassfish.ejb.embedded.DeploymentElement getOrCreateApplication
INFORMAÇÕES: [DeploymentElement] adding library to ScatteredArchive hibernate-jpa-2.1-api-1.0.0.Final.jar
dez 28, 2017 10:14:01 AM org.glassfish.ejb.embedded.DeploymentElement getOrCreateApplication
INFORMAÇÕES: [DeploymentElement] adding library to ScatteredArchive hibernate-jpamodelgen-4.3.1.Final-SNAPSHOT.jar
dez 28, 2017 10:14:01 AM org.glassfish.ejb.embedded.DeploymentElement getOrCreateApplication
INFORMAÇÕES: [DeploymentElement] adding library to ScatteredArchive dom4j-1.6.1.jar
dez 28, 2017 10:14:01 AM org.glassfish.ejb.embedded.DeploymentElement getOrCreateApplication
INFORMAÇÕES: [DeploymentElement] adding library to ScatteredArchive xmlbeans-2.6.0.jar
dez 28, 2017 10:14:01 AM org.glassfish.ejb.embedded.DeploymentElement getOrCreateApplication
INFORMAÇÕES: [DeploymentElement] adding library to ScatteredArchive jandex-2.0.3.Final.jar
dez 28, 2017 10:14:01 AM org.glassfish.ejb.embedded.DeploymentElement getOrCreateApplication
INFORMAÇÕES: [DeploymentElement] adding library to ScatteredArchive jboss-logging-3.1.3.GA.jar
dez 28, 2017 10:14:01 AM org.glassfish.ejb.embedded.DeploymentElement getOrCreateApplication
INFORMAÇÕES: [DeploymentElement] adding library to ScatteredArchive poi-ooxml-3.14.jar
dez 28, 2017 10:14:01 AM org.glassfish.ejb.embedded.DeploymentElement getOrCreateApplication
INFORMAÇÕES: [DeploymentElement] adding library to ScatteredArchive javassist-3.18.1-GA.jar
dez 28, 2017 10:14:01 AM org.glassfish.ejb.embedded.DeploymentElement getOrCreateApplication
INFORMAÇÕES: [DeploymentElement] adding library to ScatteredArchive dbunit-2.5.3.jar
dez 28, 2017 10:14:01 AM org.glassfish.ejb.embedded.DeploymentElement getOrCreateApplication
INFORMAÇÕES: [DeploymentElement] adding library to ScatteredArchive antlr-2.7.7.jar
dez 28, 2017 10:14:01 AM org.glassfish.ejb.embedded.DeploymentElement getOrCreateApplication
INFORMAÇÕES: [DeploymentElement] adding library to ScatteredArchive eclipselink-2.5.2.jar
dez 28, 2017 10:14:01 AM org.glassfish.ejb.embedded.DeploymentElement getOrCreateApplication
INFORMAÇÕES: [DeploymentElement] adding library to ScatteredArchive curvesapi-1.03.jar
dez 28, 2017 10:14:01 AM org.glassfish.ejb.embedded.DeploymentElement getOrCreateApplication
INFORMAÇÕES: [DeploymentElement] adding library to ScatteredArchive validation-api-1.1.0.Final.jar
dez 28, 2017 10:14:01 AM org.glassfish.ejb.embedded.DeploymentElement getOrCreateApplication
INFORMAÇÕES: [DeploymentElement] adding library to ScatteredArchive hibernate-validator-5.2.0.Beta1.jar
dez 28, 2017 10:14:01 AM org.glassfish.ejb.embedded.DeploymentElement getOrCreateApplication
INFORMAÇÕES: [DeploymentElement] adding library to ScatteredArchive hibernate-core-5.2.10.Final.jar
dez 28, 2017 10:14:01 AM org.glassfish.ejb.embedded.DeploymentElement getOrCreateApplication
INFORMAÇÕES: [DeploymentElement] adding library to ScatteredArchive hibernate-entitymanager-4.3.1.Final.jar
dez 28, 2017 10:14:01 AM org.glassfish.ejb.embedded.DeploymentElement getOrCreateApplication
INFORMAÇÕES: [DeploymentElement] adding library to ScatteredArchive junit-4.11.jar
dez 28, 2017 10:14:01 AM org.glassfish.ejb.embedded.DeploymentElement getOrCreateApplication
INFORMAÇÕES: [DeploymentElement] adding library to ScatteredArchive test-classes
dez 28, 2017 10:14:01 AM org.glassfish.ejb.embedded.DeploymentElement getOrCreateApplication
INFORMAÇÕES: [DeploymentElement] adding library to ScatteredArchive stax-api-1.0.1.jar
dez 28, 2017 10:14:01 AM org.glassfish.ejb.embedded.DeploymentElement getOrCreateApplication
INFORMAÇÕES: [DeploymentElement] adding library to ScatteredArchive javax.persistence-2.1.0.jar
dez 28, 2017 10:14:01 AM org.glassfish.ejb.embedded.DeploymentElement getOrCreateApplication
INFORMAÇÕES: [DeploymentElement] adding library to ScatteredArchive ejb-api-3.0.jar
dez 28, 2017 10:14:01 AM org.glassfish.ejb.embedded.DeploymentElement getOrCreateApplication
INFORMAÇÕES: [DeploymentElement] adding library to ScatteredArchive xml-apis-1.0.b2.jar
dez 28, 2017 10:14:01 AM org.glassfish.ejb.embedded.DeploymentElement getOrCreateApplication
INFORMAÇÕES: [DeploymentElement] adding library to ScatteredArchive classmate-1.3.0.jar
dez 28, 2017 10:14:01 AM org.glassfish.ejb.embedded.DeploymentElement getOrCreateApplication
INFORMAÇÕES: [DeploymentElement] adding library to ScatteredArchive hamcrest-core-1.3.jar
dez 28, 2017 10:14:01 AM org.glassfish.ejb.embedded.EJBContainerImpl deploy
INFORMAÇÕES: [EJBContainerImpl] Deploying app: org.glassfish.embeddable.archive.ScatteredArchive@77fec3b6
dez 28, 2017 10:26:29 AM org.hibernate.validator.internal.util.Version &lt;clinit&gt;
INFO: HV000001: Hibernate Validator 5.2.0.Beta1
dez 28, 2017 10:27:04 AM org.glassfish.hk2.classmodel.reflect.Parser$5 on
GRAVE: Exception while visiting org/hibernate/boot/registry/selector/internal/StrategySelectorImpl.class of size 8265
java.lang.ArrayIndexOutOfBoundsException: 5672
	at org.objectweb.asm.ClassReader.readClass(Unknown Source)
	at org.objectweb.asm.ClassReader.accept(Unknown Source)
	at org.objectweb.asm.ClassReader.accept(Unknown Source)
	at org.glassfish.hk2.classmodel.reflect.Parser$5.on(Parser.java:363)
	at com.sun.enterprise.v3.server.ReadableArchiveScannerAdapter.handleEntry(ReadableArchiveScannerAdapter.java:171)
	at com.sun.enterprise.v3.server.ReadableArchiveScannerAdapter.onSelectedEntries(ReadableArchiveScannerAdapter.java:133)
	at org.glassfish.hk2.classmodel.reflect.Parser.doJob(Parser.java:348)
	at org.glassfish.hk2.classmodel.reflect.Parser.access$300(Parser.java:70)
	at org.glassfish.hk2.classmodel.reflect.Parser$3.call(Parser.java:307)
	at org.glassfish.hk2.classmodel.reflect.Parser$3.call(Parser.java:296)
	at java.util.concurrent.FutureTask.run(FutureTask.java:266)
	at java.util.concurrent.ThreadPoolExecutor.runWorker(ThreadPoolExecutor.java:1142)
	at java.util.concurrent.ThreadPoolExecutor$Worker.run(ThreadPoolExecutor.java:617)
	at java.lang.Thread.run(Thread.java:745)

dez 28, 2017 10:27:04 AM org.glassfish.hk2.classmodel.reflect.Parser$5 on
GRAVE: Exception while visiting org/hibernate/bytecode/enhance/spi/interceptor/LazyAttributesMetadata.class of size 6332
java.lang.ArrayIndexOutOfBoundsException: 52264
	at org.objectweb.asm.ClassReader.readClass(Unknown Source)
	at org.objectweb.asm.ClassReader.accept(Unknown Source)
	at org.objectweb.asm.ClassReader.accept(Unknown Source)
	at org.glassfish.hk2.classmodel.reflect.Parser$5.on(Parser.java:363)
	at com.sun.enterprise.v3.server.ReadableArchiveScannerAdapter.handleEntry(ReadableArchiveScannerAdapter.java:171)
	at com.sun.enterprise.v3.server.ReadableArchiveScannerAdapter.onSelectedEntries(ReadableArchiveScannerAdapter.java:133)
	at org.glassfish.hk2.classmodel.reflect.Parser.doJob(Parser.java:348)
	at org.glassfish.hk2.classmodel.reflect.Parser.access$300(Parser.java:70)
	at org.glassfish.hk2.classmodel.reflect.Parser$3.call(Parser.java:307)
	at org.glassfish.hk2.classmodel.reflect.Parser$3.call(Parser.java:296)
	at java.util.concurrent.FutureTask.run(FutureTask.java:266)
	at java.util.concurrent.ThreadPoolExecutor.runWorker(ThreadPoolExecutor.java:1142)
	at java.util.concurrent.ThreadPoolExecutor$Worker.run(ThreadPoolExecutor.java:617)
	at java.lang.Thread.run(Thread.java:745)

dez 28, 2017 10:27:04 AM org.glassfish.hk2.classmodel.reflect.Parser$5 on
GRAVE: Exception while visiting org/hibernate/cache/internal/CollectionCacheInvalidator.class of size 10128
java.lang.ArrayIndexOutOfBoundsException: 27459
	at org.objectweb.asm.ClassReader.&lt;init&gt;(Unknown Source)
	at org.objectweb.asm.ClassReader.&lt;init&gt;(Unknown Source)
	at org.objectweb.asm.ClassReader.&lt;init&gt;(Unknown Source)
	at org.glassfish.hk2.classmodel.reflect.Parser$5.on(Parser.java:362)
	at com.sun.enterprise.v3.server.ReadableArchiveScannerAdapter.handleEntry(ReadableArchiveScannerAdapter.java:171)
	at com.sun.enterprise.v3.server.ReadableArchiveScannerAdapter.onSelectedEntries(ReadableArchiveScannerAdapter.java:133)
	at org.glassfish.hk2.classmodel.reflect.Parser.doJob(Parser.java:348)
	at org.glassfish.hk2.classmodel.reflect.Parser.access$300(Parser.java:70)
	at org.glassfish.hk2.classmodel.reflect.Parser$3.call(Parser.java:307)
	at org.glassfish.hk2.classmodel.reflect.Parser$3.call(Parser.java:296)
	at java.util.concurrent.FutureTask.run(FutureTask.java:266)
	at java.util.concurrent.ThreadPoolExecutor.runWorker(ThreadPoolExecutor.java:1142)
	at java.util.concurrent.ThreadPoolExecutor$Worker.run(ThreadPoolExecutor.java:617)
	at java.lang.Thread.run(Thread.java:745)

dez 28, 2017 10:27:04 AM org.glassfish.hk2.classmodel.reflect.Parser$5 on
GRAVE: Exception while visiting org/hibernate/cfg/IndexOrUniqueKeySecondPass.class of size 5914
java.lang.ArrayIndexOutOfBoundsException: 52264
	at org.objectweb.asm.ClassReader.readClass(Unknown Source)
	at org.objectweb.asm.ClassReader.accept(Unknown Source)
	at org.objectweb.asm.ClassReader.accept(Unknown Source)
	at org.glassfish.hk2.classmodel.reflect.Parser$5.on(Parser.java:363)
	at com.sun.enterprise.v3.server.ReadableArchiveScannerAdapter.handleEntry(ReadableArchiveScannerAdapter.java:171)
	at com.sun.enterprise.v3.server.ReadableArchiveScannerAdapter.onSelectedEntries(ReadableArchiveScannerAdapter.java:133)
	at org.glassfish.hk2.classmodel.reflect.Parser.doJob(Parser.java:348)
	at org.glassfish.hk2.classmodel.reflect.Parser.access$300(Parser.java:70)
	at org.glassfish.hk2.classmodel.reflect.Parser$3.call(Parser.java:307)
	at org.glassfish.hk2.classmodel.reflect.Parser$3.call(Parser.java:296)
	at java.util.concurrent.FutureTask.run(FutureTask.java:266)
	at java.util.concurrent.ThreadPoolExecutor.runWorker(ThreadPoolExecutor.java:1142)
	at java.util.concurrent.ThreadPoolExecutor$Worker.run(ThreadPoolExecutor.java:617)
	at java.lang.Thread.run(Thread.java:745)

dez 28, 2017 10:27:06 AM org.glassfish.hk2.classmodel.reflect.Parser$5 on
GRAVE: Exception while visiting org/hibernate/hql/internal/ast/tree/FromElement.class of size 22603
java.lang.ArrayIndexOutOfBoundsException

dez 28, 2017 10:27:06 AM org.glassfish.hk2.classmodel.reflect.Parser$5 on
GRAVE: Exception while visiting org/hibernate/internal/AbstractSharedSessionContract.class of size 41873
java.lang.ArrayIndexOutOfBoundsException

dez 28, 2017 10:27:06 AM org.glassfish.hk2.classmodel.reflect.Parser$5 on
GRAVE: Exception while visiting org/hibernate/internal/CacheImpl.class of size 20721
java.lang.ArrayIndexOutOfBoundsException

dez 28, 2017 10:27:06 AM org.glassfish.hk2.classmodel.reflect.Parser$5 on
GRAVE: Exception while visiting org/hibernate/internal/SessionFactoryImpl.class of size 46562
java.lang.ArrayIndexOutOfBoundsException: 52264
	at org.objectweb.asm.ClassReader.readClass(Unknown Source)
	at org.objectweb.asm.ClassReader.accept(Unknown Source)
	at org.objectweb.asm.ClassReader.accept(Unknown Source)
	at org.glassfish.hk2.classmodel.reflect.Parser$5.on(Parser.java:363)
	at com.sun.enterprise.v3.server.ReadableArchiveScannerAdapter.handleEntry(ReadableArchiveScannerAdapter.java:171)
	at com.sun.enterprise.v3.server.ReadableArchiveScannerAdapter.onSelectedEntries(ReadableArchiveScannerAdapter.java:133)
	at org.glassfish.hk2.classmodel.reflect.Parser.doJob(Parser.java:348)
	at org.glassfish.hk2.classmodel.reflect.Parser.access$300(Parser.java:70)
	at org.glassfish.hk2.classmodel.reflect.Parser$3.call(Parser.java:307)
	at org.glassfish.hk2.classmodel.reflect.Parser$3.call(Parser.java:296)
	at java.util.concurrent.FutureTask.run(FutureTask.java:266)
	at java.util.concurrent.ThreadPoolExecutor.runWorker(ThreadPoolExecutor.java:1142)
	at java.util.concurrent.ThreadPoolExecutor$Worker.run(ThreadPoolExecutor.java:617)
	at java.lang.Thread.run(Thread.java:745)

dez 28, 2017 10:27:06 AM org.glassfish.hk2.classmodel.reflect.Parser$5 on
GRAVE: Exception while visiting org/hibernate/internal/SessionImpl.class of size 101058
java.lang.ArrayIndexOutOfBoundsException: 9578
	at org.objectweb.asm.ClassReader.readClass(Unknown Source)
	at org.objectweb.asm.ClassReader.accept(Unknown Source)
	at org.objectweb.asm.ClassReader.accept(Unknown Source)
	at org.glassfish.hk2.classmodel.reflect.Parser$5.on(Parser.java:363)
	at com.sun.enterprise.v3.server.ReadableArchiveScannerAdapter.handleEntry(ReadableArchiveScannerAdapter.java:171)
	at com.sun.enterprise.v3.server.ReadableArchiveScannerAdapter.onSelectedEntries(ReadableArchiveScannerAdapter.java:133)
	at org.glassfish.hk2.classmodel.reflect.Parser.doJob(Parser.java:348)
	at org.glassfish.hk2.classmodel.reflect.Parser.access$300(Parser.java:70)
	at org.glassfish.hk2.classmodel.reflect.Parser$3.call(Parser.java:307)
	at org.glassfish.hk2.classmodel.reflect.Parser$3.call(Parser.java:296)
	at java.util.concurrent.FutureTask.run(FutureTask.java:266)
	at java.util.concurrent.ThreadPoolExecutor.runWorker(ThreadPoolExecutor.java:1142)
	at java.util.concurrent.ThreadPoolExecutor$Worker.run(ThreadPoolExecutor.java:617)
	at java.lang.Thread.run(Thread.java:745)

dez 28, 2017 10:27:08 AM org.glassfish.hk2.classmodel.reflect.Parser$5 on
GRAVE: Exception while visiting org/hibernate/metamodel/internal/MetamodelImpl.class of size 29751
java.lang.ArrayIndexOutOfBoundsException: 52264
	at org.objectweb.asm.ClassReader.readClass(Unknown Source)
	at org.objectweb.asm.ClassReader.accept(Unknown Source)
	at org.objectweb.asm.ClassReader.accept(Unknown Source)
	at org.glassfish.hk2.classmodel.reflect.Parser$5.on(Parser.java:363)
	at com.sun.enterprise.v3.server.ReadableArchiveScannerAdapter.handleEntry(ReadableArchiveScannerAdapter.java:171)
	at com.sun.enterprise.v3.server.ReadableArchiveScannerAdapter.onSelectedEntries(ReadableArchiveScannerAdapter.java:133)
	at org.glassfish.hk2.classmodel.reflect.Parser.doJob(Parser.java:348)
	at org.glassfish.hk2.classmodel.reflect.Parser.access$300(Parser.java:70)
	at org.glassfish.hk2.classmodel.reflect.Parser$3.call(Parser.java:307)
	at org.glassfish.hk2.classmodel.reflect.Parser$3.call(Parser.java:296)
	at java.util.concurrent.FutureTask.run(FutureTask.java:266)
	at java.util.concurrent.ThreadPoolExecutor.runWorker(ThreadPoolExecutor.java:1142)
	at java.util.concurrent.ThreadPoolExecutor$Worker.run(ThreadPoolExecutor.java:617)
	at java.lang.Thread.run(Thread.java:745)

dez 28, 2017 10:27:08 AM org.glassfish.hk2.classmodel.reflect.Parser$5 on
GRAVE: Exception while visiting org/hibernate/query/criteria/internal/CriteriaBuilderImpl.class of size 70661
java.lang.ArrayIndexOutOfBoundsException: 19532
	at org.objectweb.asm.ClassReader.accept(Unknown Source)
	at org.objectweb.asm.ClassReader.accept(Unknown Source)
	at org.glassfish.hk2.classmodel.reflect.Parser$5.on(Parser.java:363)
	at com.sun.enterprise.v3.server.ReadableArchiveScannerAdapter.handleEntry(ReadableArchiveScannerAdapter.java:171)
	at com.sun.enterprise.v3.server.ReadableArchiveScannerAdapter.onSelectedEntries(ReadableArchiveScannerAdapter.java:133)
	at org.glassfish.hk2.classmodel.reflect.Parser.doJob(Parser.java:348)
	at org.glassfish.hk2.classmodel.reflect.Parser.access$300(Parser.java:70)
	at org.glassfish.hk2.classmodel.reflect.Parser$3.call(Parser.java:307)
	at org.glassfish.hk2.classmodel.reflect.Parser$3.call(Parser.java:296)
	at java.util.concurrent.FutureTask.run(FutureTask.java:266)
	at java.util.concurrent.ThreadPoolExecutor.runWorker(ThreadPoolExecutor.java:1142)
	at java.util.concurrent.ThreadPoolExecutor$Worker.run(ThreadPoolExecutor.java:617)
	at java.lang.Thread.run(Thread.java:745)

dez 28, 2017 10:27:09 AM org.glassfish.hk2.classmodel.reflect.Parser$5 on
GRAVE: Exception while visiting org/hibernate/query/criteria/internal/expression/SearchedCaseExpression.class of size 8536
java.lang.ArrayIndexOutOfBoundsException: 2164
	at org.objectweb.asm.ClassReader.readClass(Unknown Source)
	at org.objectweb.asm.ClassReader.accept(Unknown Source)
	at org.objectweb.asm.ClassReader.accept(Unknown Source)
	at org.glassfish.hk2.classmodel.reflect.Parser$5.on(Parser.java:363)
	at com.sun.enterprise.v3.server.ReadableArchiveScannerAdapter.handleEntry(ReadableArchiveScannerAdapter.java:171)
	at com.sun.enterprise.v3.server.ReadableArchiveScannerAdapter.onSelectedEntries(ReadableArchiveScannerAdapter.java:133)
	at org.glassfish.hk2.classmodel.reflect.Parser.doJob(Parser.java:348)
	at org.glassfish.hk2.classmodel.reflect.Parser.access$300(Parser.java:70)
	at org.glassfish.hk2.classmodel.reflect.Parser$3.call(Parser.java:307)
	at org.glassfish.hk2.classmodel.reflect.Parser$3.call(Parser.java:296)
	at java.util.concurrent.FutureTask.run(FutureTask.java:266)
	at java.util.concurrent.ThreadPoolExecutor.runWorker(ThreadPoolExecutor.java:1142)
	at java.util.concurrent.ThreadPoolExecutor$Worker.run(ThreadPoolExecutor.java:617)
	at java.lang.Thread.run(Thread.java:745)

dez 28, 2017 10:27:09 AM org.glassfish.hk2.classmodel.reflect.Parser$5 on
GRAVE: Exception while visiting org/hibernate/query/criteria/internal/expression/SimpleCaseExpression.class of size 9024
java.lang.ArrayIndexOutOfBoundsException: 25600
	at org.objectweb.asm.ClassReader.readClass(Unknown Source)
	at org.objectweb.asm.ClassReader.accept(Unknown Source)
	at org.objectweb.asm.ClassReader.accept(Unknown Source)
	at org.glassfish.hk2.classmodel.reflect.Parser$5.on(Parser.java:363)
	at com.sun.enterprise.v3.server.ReadableArchiveScannerAdapter.handleEntry(ReadableArchiveScannerAdapter.java:171)
	at com.sun.enterprise.v3.server.ReadableArchiveScannerAdapter.onSelectedEntries(ReadableArchiveScannerAdapter.java:133)
	at org.glassfish.hk2.classmodel.reflect.Parser.doJob(Parser.java:348)
	at org.glassfish.hk2.classmodel.reflect.Parser.access$300(Parser.java:70)
	at org.glassfish.hk2.classmodel.reflect.Parser$3.call(Parser.java:307)
	at org.glassfish.hk2.classmodel.reflect.Parser$3.call(Parser.java:296)
	at java.util.concurrent.FutureTask.run(FutureTask.java:266)
	at java.util.concurrent.ThreadPoolExecutor.runWorker(ThreadPoolExecutor.java:1142)
	at java.util.concurrent.ThreadPoolExecutor$Worker.run(ThreadPoolExecutor.java:617)
	at java.lang.Thread.run(Thread.java:745)

dez 28, 2017 10:27:09 AM org.glassfish.hk2.classmodel.reflect.Parser$5 on
GRAVE: Exception while visiting org/hibernate/query/internal/AbstractProducedQuery.class of size 73908
java.lang.ArrayIndexOutOfBoundsException: 9578
	at org.objectweb.asm.ClassReader.readClass(Unknown Source)
	at org.objectweb.asm.ClassReader.accept(Unknown Source)
	at org.objectweb.asm.ClassReader.accept(Unknown Source)
	at org.glassfish.hk2.classmodel.reflect.Parser$5.on(Parser.java:363)
	at com.sun.enterprise.v3.server.ReadableArchiveScannerAdapter.handleEntry(ReadableArchiveScannerAdapter.java:171)
	at com.sun.enterprise.v3.server.ReadableArchiveScannerAdapter.onSelectedEntries(ReadableArchiveScannerAdapter.java:133)
	at org.glassfish.hk2.classmodel.reflect.Parser.doJob(Parser.java:348)
	at org.glassfish.hk2.classmodel.reflect.Parser.access$300(Parser.java:70)
	at org.glassfish.hk2.classmodel.reflect.Parser$3.call(Parser.java:307)
	at org.glassfish.hk2.classmodel.reflect.Parser$3.call(Parser.java:296)
	at java.util.concurrent.FutureTask.run(FutureTask.java:266)
	at java.util.concurrent.ThreadPoolExecutor.runWorker(ThreadPoolExecutor.java:1142)
	at java.util.concurrent.ThreadPoolExecutor$Worker.run(ThreadPoolExecutor.java:617)
	at java.lang.Thread.run(Thread.java:745)

dez 28, 2017 10:27:09 AM org.glassfish.hk2.classmodel.reflect.Parser$5 on
GRAVE: Exception while visiting org/hibernate/query/internal/QueryParameterBindingsImpl.class of size 19694
java.lang.ArrayIndexOutOfBoundsException

dez 28, 2017 10:27:10 AM org.glassfish.hk2.classmodel.reflect.Parser$5 on
GRAVE: Exception while visiting org/hibernate/tuple/TimestampGenerators.class of size 5404
java.lang.ArrayIndexOutOfBoundsException: 29441
	at org.objectweb.asm.ClassReader.readClass(Unknown Source)
	at org.objectweb.asm.ClassReader.accept(Unknown Source)
	at org.objectweb.asm.ClassReader.accept(Unknown Source)
	at org.glassfish.hk2.classmodel.reflect.Parser$5.on(Parser.java:363)
	at com.sun.enterprise.v3.server.ReadableArchiveScannerAdapter.handleEntry(ReadableArchiveScannerAdapter.java:171)
	at com.sun.enterprise.v3.server.ReadableArchiveScannerAdapter.onSelectedEntries(ReadableArchiveScannerAdapter.java:133)
	at org.glassfish.hk2.classmodel.reflect.Parser.doJob(Parser.java:348)
	at org.glassfish.hk2.classmodel.reflect.Parser.access$300(Parser.java:70)
	at org.glassfish.hk2.classmodel.reflect.Parser$3.call(Parser.java:307)
	at org.glassfish.hk2.classmodel.reflect.Parser$3.call(Parser.java:296)
	at java.util.concurrent.FutureTask.run(FutureTask.java:266)
	at java.util.concurrent.ThreadPoolExecutor.runWorker(ThreadPoolExecutor.java:1142)
	at java.util.concurrent.ThreadPoolExecutor$Worker.run(ThreadPoolExecutor.java:617)
	at java.lang.Thread.run(Thread.java:745)

dez 28, 2017 10:27:33 AM com.sun.enterprise.security.SecurityLifecycle &lt;init&gt;
INFORMAÇÕES: SEC1002: Security Manager is OFF.
dez 28, 2017 10:27:34 AM com.sun.enterprise.security.ssl.impl.SecuritySupportImpl checkCertificateDates
GRAVE: SEC5054: Certificate has expired: [
[
  Version: V3
  Subject: CN=GTE CyberTrust Root 5, OU=&quot;GTE CyberTrust Solutions, Inc.&quot;, O=GTE Corporation, C=US
  Signature Algorithm: SHA1withRSA, OID = 1.2.840.113549.1.1.5

  Key:  Sun RSA public key, 2048 bits
  modulus: 23741889829347261660812437366387754385443431973861114865490414153884050331745811968523116847625570146592736935209718565296053386842135985534863157983128812774162998053673746470782252407673402238146869994438729551246768368782318393878374421033907597162218758024581735139682087126982809511479059100617027892880227587855877479432885604404402435662802390484099065871430585284534529627347717530352189612077130606642676951640071336717026459037542552927905851171460589361570392199748753414855675665635003335769915908187224347232807336022456537328962095005323382940080676931822787496212635993279098588863972868266229522169377
  public exponent: 65537
  Validity: [From: Fri Aug 14 11:50:00 GMT-03:00 1998,
               To: Wed Aug 14 20:59:00 GMT-03:00 2013]
  Issuer: CN=GTE CyberTrust Root 5, OU=&quot;GTE CyberTrust Solutions, Inc.&quot;, O=GTE Corporation, C=US
  SerialNumber: [    01b6]

Certificate Extensions: 4
[1]: ObjectId: 2.5.29.19 Criticality=true
BasicConstraints:[
  CA:true
  PathLen:5
]

[2]: ObjectId: 2.5.29.32 Criticality=false
CertificatePolicies [
  [CertificatePolicyId: [1.2.840.113763.1.2.1.3]
[]  ]
]

[3]: ObjectId: 2.5.29.15 Criticality=true
KeyUsage [
  Key_CertSign
  Crl_Sign
]

[4]: ObjectId: 2.5.29.14 Criticality=false
SubjectKeyIdentifier [
KeyIdentifier [
0000: 76 0A 49 21 38 4C 9F DE   F8 C4 49 C7 71 71 91 9D  v.I!8L....I.qq..
]
]

]
  Algorithm: [SHA1withRSA]
  Signature:
0000: 41 3A D4 18 5B DA B8 DE   21 1C E1 8E 09 E5 F1 68  A:..[...!......h
0010: 34 FF DE 96 F4 07 F5 A7   3C F3 AC 4A B1 9B FA 92  4.......&lt;..J....
0020: FA 9B ED E6 32 21 AA 4A   76 C5 DC 4F 38 E5 DF D5  ....2!.Jv..O8...
0030: 86 E4 D5 C8 76 7D 98 D7   B1 CD 8F 4D B5 91 23 6C  ....v......M..#l
0040: 8B 8A EB EA 7C EF 14 94   C4 C6 F0 1F 4A 2D 32 71  ............J-2q
0050: 63 2B 63 91 26 02 09 B6   80 1D ED E2 CC B8 7F DB  c+c.&amp;...........
0060: 87 63 C8 E1 D0 6C 26 B1   35 1D 40 66 10 1B CD 95  .c...l&amp;.5.@f....
0070: 54 18 33 61 EC 13 4F DA   13 F7 99 AF 3E D0 CF 8E  T.3a..O.....&gt;...
0080: A6 72 A2 B3 C3 05 9A C9   27 7D 92 CC 7E 52 8D B3  .r......&apos;....R..
0090: AB 70 6D 9E 89 9F 4D EB   1A 75 C2 98 AA D5 02 16  .pm...M..u......
00A0: D7 0C 8A BF 25 E4 EB 2D   BC 98 E9 58 38 19 7C B9  ....%..-...X8...
00B0: 37 FE DB E2 99 08 73 06   C7 97 83 6A 7D 10 01 2F  7.....s....j.../
00C0: 32 B9 17 05 4A 65 E6 2F   CE BE 5E 53 A6 82 E9 9A  2...Je./..^S....
00D0: 53 0A 84 74 2D 83 CA C8   94 16 76 5F 94 61 28 F0  S..t-.....v_.a(.
00E0: 85 A7 39 BB D7 8B D9 A8   B2 13 1D 54 09 34 24 7D  ..9........T.4$.
00F0: 20 81 7D 66 7E A2 90 74   5C 10 C6 BD EC AB 1B C2   ..f...t\.......

]
dez 28, 2017 10:27:34 AM com.sun.enterprise.security.SecurityLifecycle onInitialization
INFORMAÇÕES: SEC1010: Entering Security Startup Service
dez 28, 2017 10:27:34 AM com.sun.enterprise.security.PolicyLoader loadPolicy
INFORMAÇÕES: SEC1143: Loading policy provider com.sun.enterprise.security.jacc.provider.SimplePolicyProvider.
dez 28, 2017 10:27:34 AM com.sun.enterprise.security.auth.realm.Realm doInstantiate
INFORMAÇÕES: SEC1115: Realm [admin-realm] of classtype [com.sun.enterprise.security.auth.realm.file.FileRealm] successfully created.
dez 28, 2017 10:27:34 AM com.sun.enterprise.security.auth.realm.Realm doInstantiate
INFORMAÇÕES: SEC1115: Realm [file] of classtype [com.sun.enterprise.security.auth.realm.file.FileRealm] successfully created.
dez 28, 2017 10:27:34 AM com.sun.enterprise.security.auth.realm.Realm doInstantiate
INFORMAÇÕES: SEC1115: Realm [certificate] of classtype [com.sun.enterprise.security.auth.realm.certificate.CertificateRealm] successfully created.
dez 28, 2017 10:27:34 AM com.sun.enterprise.security.SecurityLifecycle onInitialization
INFORMAÇÕES: SEC1011: Security Service(s) Started Successfully
dez 28, 2017 10:27:55 AM org.hibernate.ejb.HibernatePersistence logDeprecation
WARN: HHH015016: Encountered a deprecated javax.persistence.spi.PersistenceProvider [org.hibernate.ejb.HibernatePersistence]; use [org.hibernate.jpa.HibernatePersistenceProvider] instead.
dez 28, 2017 10:27:55 AM org.glassfish.api.ActionReport failure
GRAVE: Exception while preparing the app
dez 28, 2017 10:27:55 AM com.sun.enterprise.v3.server.ApplicationLifecycle deploy
GRAVE: org/hibernate/boot/registry/classloading/internal/ClassLoaderServiceImpl$Work
java.lang.NoClassDefFoundError: org/hibernate/boot/registry/classloading/internal/ClassLoaderServiceImpl$Work
	at org.hibernate.jpa.boot.spi.Bootstrap.getEntityManagerFactoryBuilder(Bootstrap.java:45)
	at org.hibernate.jpa.boot.spi.Bootstrap.getEntityManagerFactoryBuilder(Bootstrap.java:57)
	at org.hibernate.jpa.HibernatePersistenceProvider.createContainerEntityManagerFactory(HibernatePersistenceProvider.java:150)
	at org.hibernate.ejb.HibernatePersistence.createContainerEntityManagerFactory(HibernatePersistence.java:67)
	at org.glassfish.persistence.jpa.PersistenceUnitLoader.loadPU(PersistenceUnitLoader.java:205)
	at org.glassfish.persistence.jpa.PersistenceUnitLoader.&lt;init&gt;(PersistenceUnitLoader.java:119)
	at org.glassfish.persistence.jpa.JPADeployer$1.visitPUD(JPADeployer.java:214)
	at org.glassfish.persistence.jpa.JPADeployer$PersistenceUnitDescriptorIterator.iteratePUDs(JPADeployer.java:483)
	at org.glassfish.persistence.jpa.JPADeployer.createEMFs(JPADeployer.java:221)
	at org.glassfish.persistence.jpa.JPADeployer.prepare(JPADeployer.java:167)
	at com.sun.enterprise.v3.server.ApplicationLifecycle.prepareModule(ApplicationLifecycle.java:872)
	at com.sun.enterprise.v3.server.ApplicationLifecycle.deploy(ApplicationLifecycle.java:410)
	at com.sun.enterprise.v3.server.ApplicationLifecycle.deploy(ApplicationLifecycle.java:240)
	at org.glassfish.deployment.admin.DeployCommand.execute(DeployCommand.java:382)
	at com.sun.enterprise.v3.admin.CommandRunnerImpl$1.execute(CommandRunnerImpl.java:355)
	at com.sun.enterprise.v3.admin.CommandRunnerImpl.doCommand(CommandRunnerImpl.java:370)
	at com.sun.enterprise.v3.admin.CommandRunnerImpl.doCommand(CommandRunnerImpl.java:1064)
	at com.sun.enterprise.v3.admin.CommandRunnerImpl.access$1200(CommandRunnerImpl.java:96)
	at com.sun.enterprise.v3.admin.CommandRunnerImpl$ExecutionContext.execute(CommandRunnerImpl.java:1244)
	at com.sun.enterprise.v3.admin.CommandRunnerImpl$ExecutionContext.execute(CommandRunnerImpl.java:1232)
	at com.sun.enterprise.admin.cli.embeddable.DeployerImpl.deploy(DeployerImpl.java:129)
	at com.sun.enterprise.admin.cli.embeddable.DeployerImpl.deploy(DeployerImpl.java:105)
	at org.glassfish.ejb.embedded.EJBContainerImpl.deploy(EJBContainerImpl.java:140)
	at org.glassfish.ejb.embedded.EJBContainerProviderImpl.createEJBContainer(EJBContainerProviderImpl.java:134)
	at javax.ejb.embeddable.EJBContainer.createEJBContainer(EJBContainer.java:127)
	at javax.ejb.embeddable.EJBContainer.createEJBContainer(EJBContainer.java:102)
	at Testes.setUpClass(Testes.java:12)
	at sun.reflect.NativeMethodAccessorImpl.invoke0(Native Method)
	at sun.reflect.NativeMethodAccessorImpl.invoke(NativeMethodAccessorImpl.java:62)
	at sun.reflect.DelegatingMethodAccessorImpl.invoke(DelegatingMethodAccessorImpl.java:43)
	at java.lang.reflect.Method.invoke(Method.java:498)
	at org.junit.runners.model.FrameworkMethod$1.runReflectiveCall(FrameworkMethod.java:47)
	at org.junit.internal.runners.model.ReflectiveCallable.run(ReflectiveCallable.java:12)
	at org.junit.runners.model.FrameworkMethod.invokeExplosively(FrameworkMethod.java:44)
	at org.junit.internal.runners.statements.RunBefores.evaluate(RunBefores.java:24)
	at org.junit.runners.ParentRunner.run(ParentRunner.java:309)
	at org.apache.maven.surefire.junit4.JUnit4TestSet.execute(JUnit4TestSet.java:53)
	at org.apache.maven.surefire.junit4.JUnit4Provider.executeTestSet(JUnit4Provider.java:123)
	at org.apache.maven.surefire.junit4.JUnit4Provider.invoke(JUnit4Provider.java:104)
	at sun.reflect.NativeMethodAccessorImpl.invoke0(Native Method)
	at sun.reflect.NativeMethodAccessorImpl.invoke(NativeMethodAccessorImpl.java:62)
	at sun.reflect.DelegatingMethodAccessorImpl.invoke(DelegatingMethodAccessorImpl.java:43)
	at java.lang.reflect.Method.invoke(Method.java:498)
	at org.apache.maven.surefire.util.ReflectionUtils.invokeMethodWithArray(ReflectionUtils.java:164)
	at org.apache.maven.surefire.booter.ProviderFactory$ProviderProxy.invoke(ProviderFactory.java:110)
	at org.apache.maven.surefire.booter.SurefireStarter.invokeProvider(SurefireStarter.java:175)
	at org.apache.maven.surefire.booter.SurefireStarter.runSuitesInProcessWhenForked(SurefireStarter.java:107)
	at org.apache.maven.surefire.booter.ForkedBooter.main(ForkedBooter.java:68)
Caused by: java.lang.ClassNotFoundException: org.hibernate.boot.registry.classloading.internal.ClassLoaderServiceImpl$Work
	at java.net.URLClassLoader.findClass(URLClassLoader.java:381)
	at java.lang.ClassLoader.loadClass(ClassLoader.java:424)
	at sun.misc.Launcher$AppClassLoader.loadClass(Launcher.java:331)
	at java.lang.ClassLoader.loadClass(ClassLoader.java:357)
	... 48 more

dez 28, 2017 10:27:55 AM org.glassfish.deployment.admin.DeployCommand execute
GRAVE: Exception while preparing the app : org/hibernate/boot/registry/classloading/internal/ClassLoaderServiceImpl$Work
java.lang.ClassNotFoundException: org.hibernate.boot.registry.classloading.internal.ClassLoaderServiceImpl$Work
	at java.net.URLClassLoader.findClass(URLClassLoader.java:381)
	at java.lang.ClassLoader.loadClass(ClassLoader.java:424)
	at sun.misc.Launcher$AppClassLoader.loadClass(Launcher.java:331)
	at java.lang.ClassLoader.loadClass(ClassLoader.java:357)
	at org.hibernate.jpa.boot.spi.Bootstrap.getEntityManagerFactoryBuilder(Bootstrap.java:45)
	at org.hibernate.jpa.boot.spi.Bootstrap.getEntityManagerFactoryBuilder(Bootstrap.java:57)
	at org.hibernate.jpa.HibernatePersistenceProvider.createContainerEntityManagerFactory(HibernatePersistenceProvider.java:150)
	at org.hibernate.ejb.HibernatePersistence.createContainerEntityManagerFactory(HibernatePersistence.java:67)
	at org.glassfish.persistence.jpa.PersistenceUnitLoader.loadPU(PersistenceUnitLoader.java:205)
	at org.glassfish.persistence.jpa.PersistenceUnitLoader.&lt;init&gt;(PersistenceUnitLoader.java:119)
	at org.glassfish.persistence.jpa.JPADeployer$1.visitPUD(JPADeployer.java:214)
	at org.glassfish.persistence.jpa.JPADeployer$PersistenceUnitDescriptorIterator.iteratePUDs(JPADeployer.java:483)
	at org.glassfish.persistence.jpa.JPADeployer.createEMFs(JPADeployer.java:221)
	at org.glassfish.persistence.jpa.JPADeployer.prepare(JPADeployer.java:167)
	at com.sun.enterprise.v3.server.ApplicationLifecycle.prepareModule(ApplicationLifecycle.java:872)
	at com.sun.enterprise.v3.server.ApplicationLifecycle.deploy(ApplicationLifecycle.java:410)
	at com.sun.enterprise.v3.server.ApplicationLifecycle.deploy(ApplicationLifecycle.java:240)
	at org.glassfish.deployment.admin.DeployCommand.execute(DeployCommand.java:382)
	at com.sun.enterprise.v3.admin.CommandRunnerImpl$1.execute(CommandRunnerImpl.java:355)
	at com.sun.enterprise.v3.admin.CommandRunnerImpl.doCommand(CommandRunnerImpl.java:370)
	at com.sun.enterprise.v3.admin.CommandRunnerImpl.doCommand(CommandRunnerImpl.java:1064)
	at com.sun.enterprise.v3.admin.CommandRunnerImpl.access$1200(CommandRunnerImpl.java:96)
	at com.sun.enterprise.v3.admin.CommandRunnerImpl$ExecutionContext.execute(CommandRunnerImpl.java:1244)
	at com.sun.enterprise.v3.admin.CommandRunnerImpl$ExecutionContext.execute(CommandRunnerImpl.java:1232)
	at com.sun.enterprise.admin.cli.embeddable.DeployerImpl.deploy(DeployerImpl.java:129)
	at com.sun.enterprise.admin.cli.embeddable.DeployerImpl.deploy(DeployerImpl.java:105)
	at org.glassfish.ejb.embedded.EJBContainerImpl.deploy(EJBContainerImpl.java:140)
	at org.glassfish.ejb.embedded.EJBContainerProviderImpl.createEJBContainer(EJBContainerProviderImpl.java:134)
	at javax.ejb.embeddable.EJBContainer.createEJBContainer(EJBContainer.java:127)
	at javax.ejb.embeddable.EJBContainer.createEJBContainer(EJBContainer.java:102)
	at Testes.setUpClass(Testes.java:12)
	at sun.reflect.NativeMethodAccessorImpl.invoke0(Native Method)
	at sun.reflect.NativeMethodAccessorImpl.invoke(NativeMethodAccessorImpl.java:62)
	at sun.reflect.DelegatingMethodAccessorImpl.invoke(DelegatingMethodAccessorImpl.java:43)
	at java.lang.reflect.Method.invoke(Method.java:498)
	at org.junit.runners.model.FrameworkMethod$1.runReflectiveCall(FrameworkMethod.java:47)
	at org.junit.internal.runners.model.ReflectiveCallable.run(ReflectiveCallable.java:12)
	at org.junit.runners.model.FrameworkMethod.invokeExplosively(FrameworkMethod.java:44)
	at org.junit.internal.runners.statements.RunBefores.evaluate(RunBefores.java:24)
	at org.junit.runners.ParentRunner.run(ParentRunner.java:309)
	at org.apache.maven.surefire.junit4.JUnit4TestSet.execute(JUnit4TestSet.java:53)
	at org.apache.maven.surefire.junit4.JUnit4Provider.executeTestSet(JUnit4Provider.java:123)
	at org.apache.maven.surefire.junit4.JUnit4Provider.invoke(JUnit4Provider.java:104)
	at sun.reflect.NativeMethodAccessorImpl.invoke0(Native Method)
	at sun.reflect.NativeMethodAccessorImpl.invoke(NativeMethodAccessorImpl.java:62)
	at sun.reflect.DelegatingMethodAccessorImpl.invoke(DelegatingMethodAccessorImpl.java:43)
	at java.lang.reflect.Method.invoke(Method.java:498)
	at org.apache.maven.surefire.util.ReflectionUtils.invokeMethodWithArray(ReflectionUtils.java:164)
	at org.apache.maven.surefire.booter.ProviderFactory$ProviderProxy.invoke(ProviderFactory.java:110)
	at org.apache.maven.surefire.booter.SurefireStarter.invokeProvider(SurefireStarter.java:175)
	at org.apache.maven.surefire.booter.SurefireStarter.runSuitesInProcessWhenForked(SurefireStarter.java:107)
	at org.apache.maven.surefire.booter.ForkedBooter.main(ForkedBooter.java:68)

dez 28, 2017 10:29:19 AM org.glassfish.ejb.embedded.EJBContainerProviderImpl createEJBContainer
INFORMAÇÕES: [EJBContainerProviderImpl] Cleaning up on failure ...
dez 28, 2017 10:29:19 AM com.sun.enterprise.connectors.service.ResourceAdapterAdminServiceImpl sendStopToResourceAdapter
INFORMAÇÕES: RAR7094: __ds_jdbc_ra shutdown successful.
dez 28, 2017 10:29:19 AM org.glassfish.admin.mbeanserver.JMXStartupService shutdown
INFORMAÇÕES: JMXStartupService and JMXConnectors have been shut down.
dez 28, 2017 10:29:19 AM com.sun.enterprise.v3.server.AppServerStartup stop
INFORMAÇÕES: Shutdown procedure finished
dez 28, 2017 10:29:19 AM AppServerStartup run
INFORMAÇÕES: [Thread[GlassFish Kernel Main Thread,5,main]] exiting
</system-err>
  </testcase>
</testsuite>